2026-05-29 19:28:46 - [32minfo[39m: Reading configs from D:\OneDrive\Documents\Browserstack-integration\Browserstack-integration\browserstack.yml
2026-05-29 19:28:47 - [32minfo[39m: Log Directory has been set to D:\OneDrive\Documents\Browserstack-integration\Browserstack-integration\log
2026-05-29 19:28:47 - [32minfo[39m: Running SDK with args C:\Program Files\nodejs\node.exe D:\OneDrive\Documents\Browserstack-integration\Browserstack-integration\node_modules\browserstack-node-sdk\src\bin\runner.js mocha tests/*.js --reporter mochawesome
2026-05-29 19:28:47 - [32minfo[39m: SDK run started with id: e44c189b-5ff4-4b91-b1fa-c7d7641270b2
2026-05-29 19:28:47 - [32minfo[39m: Project and debug logs are captured by default. To disable, set disableAutoCaptureLogs: true in config.
2026-05-29 19:28:49 - [31merror[39m: Access to BrowserStack denied due to incorrect credentials.
2026-05-29 19:28:49 - [31merror[39m: {
  success: false,
  errors: [
    {
      message: 'Access to BrowserStack denied due to incorrect credentials.',
      key: 'ERROR_INVALID_CREDENTIALS'
    }
  ],
  error_trace_id: 'fb0deeac-4f38-4968-8c30-641635f46ebf'
}
2026-05-29 19:28:50 - [32minfo[39m: [BrowserstackCLI] stop: CLI is not running, skipping stop
2026-05-29 19:28:50 - [32minfo[39m: [BrowserstackCLI] stop: CLI is not running, skipping stop
2026-05-29 19:28:50 - [32minfo[39m: key-metrics.json file not found, skipping processing for event for cli.
2026-05-29 19:31:03 - [32minfo[39m: Reading configs from D:\OneDrive\Documents\Browserstack-integration\Browserstack-integration\browserstack.yml
2026-05-29 19:31:03 - [32minfo[39m: Log Directory has been set to D:\OneDrive\Documents\Browserstack-integration\Browserstack-integration\log
2026-05-29 19:31:03 - [32minfo[39m: Running SDK with args C:\Program Files\nodejs\node.exe D:\OneDrive\Documents\Browserstack-integration\Browserstack-integration\node_modules\browserstack-node-sdk\src\bin\runner.js mocha tests/*.js --reporter mochawesome
2026-05-29 19:31:03 - [32minfo[39m: SDK run started with id: d31d2bac-ad62-4d9f-a1e0-6ce028daadbc
2026-05-29 19:31:03 - [32minfo[39m: Project and debug logs are captured by default. To disable, set disableAutoCaptureLogs: true in config.
2026-05-29 19:31:05 - [31merror[39m: ACCESSIBILITY Build creation failed
2026-05-29 19:31:05 - [32minfo[39m: Testhub started with id: qrqifqco3o0bi8ace0srojlzgvgkwgedpmlypjxu
2026-05-29 19:31:05 - [32minfo[39m: Running your mocha tests across 2 platforms
2026-05-29 19:31:05 - [32minfo[39m: Now, showing logs from mocha
2026-05-29 19:31:05 - [32minfo[39m: [BrowserstackCLI] stop: CLI is not running, skipping stop
2026-05-29 19:31:08 - [32minfo[39m: Configuring to run tests on BrowserStack
2026-05-29 19:31:08 - [32minfo[39m: Configuring to run tests on BrowserStack
2026-05-29 19:31:26 - [32minfo[39m: View build on BrowserStack dashboard: https://automate.browserstack.com/dashboard/v2/builds/e9e4cccfdec808c71ba44f03b6467d63655b6a2e
2026-05-29 19:31:27 - [32minfo[39m: SDK run ended for id: d31d2bac-ad62-4d9f-a1e0-6ce028daadbc, testhub id: qrqifqco3o0bi8ace0srojlzgvgkwgedpmlypjxu
2026-05-29 19:31:28 - [32minfo[39m: Visit https://automation.browserstack.com/builds/qrqifqco3o0bi8ace0srojlzgvgkwgedpmlypjxu to view build report, insights, and many more debugging information all at one place!

2026-05-29 19:31:28 - [32minfo[39m: [BrowserstackCLI] stop: CLI is not running, skipping stop
2026-05-29 19:31:28 - [32minfo[39m: key-metrics.json file not found, skipping processing for event for cli.
